2019-12-24 11:24:47,871 - testCase.event.get_event_sec.Get_event_sec - INFO - =============查询发布会接口--auth参数为空================
2019-12-24 11:24:47,873 - testCase.event.get_event_sec.Get_event_sec - INFO - =============查询发布会接口--auth参数为错误================
2019-12-24 11:24:47,958 - testCase.event.get_event_sec.Get_event_sec - INFO - =============查询发布会接口--参数为空================
2019-12-24 11:24:48,144 - testCase.event.get_event_sec.Get_event_sec - INFO - ==========查询发布会接口--发布会查询结果为空==============
2019-12-24 11:24:48,342 - testCase.event.get_event_sec.Get_event_sec - INFO - ==========查询发布会接口--发布会查询结果为空==============
2019-12-24 11:24:48,526 - testCase.event.get_event_sec.Get_event_sec - INFO - ==========查询发布会接口--发布会查询成功==============
2019-12-24 11:24:48,746 - testCase.event.get_event_sec.Get_event_sec - INFO - ============查询发布会接口--发布会查询成功===============
2019-12-24 11:24:48,936 - testCase.guest.add_guest.Add_guest - INFO - ===============添加嘉宾接口----参数错误=================
2019-12-24 11:24:48,944 - testCase.guest.add_guest.Add_guest - INFO - ===============添加嘉宾接口----发布会id为空=================
2019-12-24 11:24:48,958 - testCase.guest.add_guest.Add_guest - INFO - ===============添加嘉宾接口----发布会状态已关闭=================
2019-12-24 11:24:48,973 - testCase.guest.add_guest.Add_guest - INFO - ===============添加嘉宾接口----发布会人数已满=================
2019-12-24 11:24:48,993 - testCase.guest.add_guest.Add_guest - INFO - ===============添加嘉宾接口----发布会已经开始=================
2019-12-24 11:24:49,036 - testCase.guest.add_guest.Add_guest - INFO - ===============添加嘉宾接口----嘉宾手机号码重复=================
2019-12-24 11:24:49,111 - testCase.guest.add_guest.Add_guest - INFO - ===============添加嘉宾接口----嘉宾手机号码重复=================
2019-12-24 11:24:49,125 - testCase.guest.add_guest.Add_guest - INFO - ===============添加嘉宾接口----添加嘉宾成功=================
2019-12-24 11:24:49,169 - testCase.guest.get_guest.Get_guest - INFO - =============查询嘉宾接口--参数为空================
2019-12-24 11:24:49,177 - testCase.guest.get_guest.Get_guest - INFO - ==========查询嘉宾接口--嘉宾查询成功==============
2019-12-24 11:24:49,184 - testCase.guest.get_guest.Get_guest - INFO - ==========查询嘉宾接口--嘉宾查询结果为空==============
2019-12-24 11:24:49,200 - testCase.guest.get_guest.Get_guest - INFO - ==========查询嘉宾接口--嘉宾查询结果为空==============
2019-12-24 11:24:49,207 - testCase.guest.get_guest.Get_guest - INFO - ============查询嘉宾接口--嘉宾查询成功===============
2019-12-24 11:24:49,214 - testCase.guest.sign_guest.Sign_guest - INFO - ===============用户签到接口----参数错误=================
2019-12-24 11:24:49,217 - testCase.guest.sign_guest.Sign_guest - INFO - ===============用户签到接口----发布会id为查询结果为空=================
2019-12-24 11:24:49,233 - testCase.guest.sign_guest.Sign_guest - INFO - ===============用户签到接口----发布会状态已关闭=================
2019-12-24 11:24:49,240 - testCase.guest.sign_guest.Sign_guest - INFO - ===============用户签到接口----发布会已经开始=================
2019-12-24 11:24:49,256 - testCase.guest.sign_guest.Sign_guest - INFO - ===============用户签到接口----嘉宾手机号码查询不到=================
2019-12-24 11:24:49,266 - testCase.guest.sign_guest.Sign_guest - INFO - ===============用户签到接口----用户未参加会议=================
2019-12-24 11:24:49,276 - testCase.guest.sign_guest.Sign_guest - INFO - ===============用户签到接口----用户已签到=================
2019-12-24 11:24:49,296 - testCase.guest.sign_guest.Sign_guest - INFO - ===============用户签到接口----签到成功=================
